<?xml version="1.0" encoding="UTF-8"?>
<testng-results skipped="0" failed="0" ignored="0" total="4" passed="4">
  <reporter-output>
  </reporter-output>
  <suite name="Default suite" duration-ms="4469" started-at="2024-06-06T06:25:08Z" finished-at="2024-06-06T06:25:13Z">
    <groups>
    </groups>
    <test name="Default test" duration-ms="4469" started-at="2024-06-06T06:25:08Z" finished-at="2024-06-06T06:25:13Z">
      <class name="day1.HTTPRequests">
        <test-method status="PASS" signature="getUsers()[pri:1, instance:day1.HTTPRequests@25a65b77]" name="getUsers" duration-ms="2406" started-at="2024-06-06T06:25:08Z" finished-at="2024-06-06T06:25:11Z">
          <reporter-output>
          </reporter-output>
        </test-method> <!-- getUsers -->
        <test-method status="PASS" signature="createUser()[pri:2, instance:day1.HTTPRequests@25a65b77]" name="createUser" duration-ms="1010" started-at="2024-06-06T06:25:11Z" finished-at="2024-06-06T06:25:12Z">
          <reporter-output>
          </reporter-output>
        </test-method> <!-- createUser -->
        <test-method status="PASS" signature="updateUser()[pri:3, instance:day1.HTTPRequests@25a65b77]" name="updateUser" duration-ms="496" started-at="2024-06-06T06:25:12Z" depends-on-methods="day1.HTTPRequests.createUser" finished-at="2024-06-06T06:25:12Z">
          <reporter-output>
          </reporter-output>
        </test-method> <!-- updateUser -->
        <test-method status="PASS" signature="deleteUser()[pri:4, instance:day1.HTTPRequests@25a65b77]" name="deleteUser" duration-ms="521" started-at="2024-06-06T06:25:12Z" finished-at="2024-06-06T06:25:13Z">
          <reporter-output>
          </reporter-output>
        </test-method> <!-- deleteUser -->
      </class> <!-- day1.HTTPRequests -->
    </test> <!-- Default test -->
  </suite> <!-- Default suite -->
</testng-results>
